<?xml version="1.0" encoding="UTF-8"?>
<testsuite xmlns:xsi="http://www.w3.org/2001/XMLSchema-instance" xsi:noNamespaceSchemaLocation="https://maven.apache.org/surefire/maven-surefire-plugin/xsd/surefire-test-report.xsd" name="com.parkit.parkingsystem.FareCalculatorServiceTest" time="0.811" tests="12" errors="0" skipped="0" failures="0">
  <properties>
[...]
</properties>
  <testcase name="calculate_Fare_Car_With_More_Than_A_Hour_Parking_Time" classname="com.parkit.parkingsystem.FareCalculatorServiceTest" time="0.737"/>
  <testcase name="calculate_Fare_Bike_With_Half_Hour_Parking_Time" classname="com.parkit.parkingsystem.FareCalculatorServiceTest" time="0"/>
  <testcase name="calculate_Reducted_Fare_Car_With_More_Than_A_Hour_Parking_Time" classname="com.parkit.parkingsystem.FareCalculatorServiceTest" time="0.014"/>
  <testcase name="calculate_Fare_Car_With_less_Half_Hour_Parking_Time" classname="com.parkit.parkingsystem.FareCalculatorServiceTest" time="0"/>
  <testcase name="calculate_Fare_Car_With_Half_Hour_Parking_Time" classname="com.parkit.parkingsystem.FareCalculatorServiceTest" time="0"/>
  <testcase name="calculate_Fare_Bike_With_Future_In_Time" classname="com.parkit.parkingsystem.FareCalculatorServiceTest" time="0.001"/>
  <testcase name="calculate_Fare_Bike" classname="com.parkit.parkingsystem.FareCalculatorServiceTest" time="0.012"/>
  <testcase name="calculate_Fare_Unkown_Type" classname="com.parkit.parkingsystem.FareCalculatorServiceTest" time="0.01"/>
  <testcase name="calculate_Reducted_Fare_Car_With_Half_Hour_Parking_Time" classname="com.parkit.parkingsystem.FareCalculatorServiceTest" time="0.001"/>
  <testcase name="calculate_Fare_Car" classname="com.parkit.parkingsystem.FareCalculatorServiceTest" time="0.01"/>
  <testcase name="calculate_Fare_Car_With_More_Than_A_Day_Parking_Time" classname="com.parkit.parkingsystem.FareCalculatorServiceTest" time="0.01"/>
  <testcase name="calculate_Fare_Car_With_More_Half_Hour_Less_Hour_Parking_Time" classname="com.parkit.parkingsystem.FareCalculatorServiceTest" time="0.009"/>
</testsuite>